<?xml version="1.0" encoding="UTF-8"?>
<!-- Generated by org.testng.reporters.JUnitXMLReporter -->
<testsuite ignored="1" hostname="Bills-MacBook-Pro.local" failures="1" tests="1" name="Test" time="0.205" errors="0" timestamp="2024-09-29T12:53:47 PDT">
  <testcase classname="testCases.LoginTest" name="validateLogin" time="0.008">
    <failure type="java.lang.NullPointerException" message="Cannot invoke &amp;quot;org.apache.logging.log4j.Logger.info(String)&amp;quot; because &amp;quot;this.logger&amp;quot; is null">
      <![CDATA[java.lang.NullPointerException: Cannot invoke "org.apache.logging.log4j.Logger.info(String)" because "this.logger" is null
at testCases.LoginTest.validateLogin(LoginTest.java:15)
at java.base/java.util.ArrayList.forEach(ArrayList.java:1596)
... Removed 25 stack frames]]>
    </failure>
  </testcase> <!-- validateLogin -->
  <testcase classname="testCases.AccountRegistrationTest" name="validateAccountRegistration" time="0.0">
    <ignored/>
  </testcase> <!-- validateAccountRegistration -->
</testsuite> <!-- Test -->
